app/build/outputs/logs/manifest-merger-debug-report.txt
-- Merging decision tree log ---
manifest
ADDED from src\main\AndroidManifest.xml:3:1-68:12
	package
		ADDED from src\main\AndroidManifest.xml:4:5-34
		INJECTED from src\main\AndroidManifest.xml
		INJECTED from src\main\AndroidManifest.xml
	android:versionName
		INJECTED from src\main\AndroidManifest.xml
		INJECTED from src\main\AndroidManifest.xml
	xmlns:android
		ADDED from src\main\AndroidManifest.xml:5:5-63
	android:versionCode
		INJECTED from src\main\AndroidManifest.xml
		INJECTED from src\main\AndroidManifest.xml
uses-feature#android.software.leanback
ADDED from src\main\AndroidManifest.xml:7:3-9:32
	android:required
		ADDED from src\main\AndroidManifest.xml:9:7-30
	android:name
		ADDED from src\main\AndroidManifest.xml:8:7-47
uses-feature#android.hardware.touchscreen
ADDED from src\main\AndroidManifest.xml:10:3-12:33
	android:required
		ADDED from src\main\AndroidManifest.xml:12:7-31
	android:name
		ADDED from src\main\AndroidManifest.xml:11:7-50
uses-permission#android.permission.ACCESS_WIFI_STATE
ADDED from src\main\AndroidManifest.xml:14:3-73
	android:name
		ADDED from src\main\AndroidManifest.xml:14:20-71
uses-permission#android.permission.INTERNET
ADDED from src\main\AndroidManifest.xml:15:3-64
	android:name
		ADDED from src\main\AndroidManifest.xml:15:20-62
uses-permission#android.permission.RECEIVE_BOOT_COMPLETED
ADDED from src\main\AndroidManifest.xml:16:3-78
	android:name
		ADDED from src\main\AndroidManifest.xml:16:20-76
application
ADDED from src\main\AndroidManifest.xml:18:3-67:17
MERGED from [com.android.support:leanback-v17:23.4.0] AndroidManifest.xml:22:5-20
MERGED from [com.android.support:support-v4:23.4.0] AndroidManifest.xml:22:5-20
	android:label
		ADDED from src\main\AndroidManifest.xml:21:7-39
	android:supportsRtl
		ADDED from src\main\AndroidManifest.xml:22:7-34
	android:allowBackup
		ADDED from src\main\AndroidManifest.xml:19:7-33
	android:icon
		ADDED from src\main\AndroidManifest.xml:20:7-36
	android:theme
		ADDED from src\main\AndroidManifest.xml:23:7-38
activity#net.maxbraun.mirror.HomeActivity
ADDED from src\main\AndroidManifest.xml:25:5-41:16
	android:clearTaskOnLaunch
		ADDED from src\main\AndroidManifest.xml:27:9-41
	android:screenOrientation
		ADDED from src\main\AndroidManifest.xml:31:9-45
	android:label
		ADDED from src\main\AndroidManifest.xml:29:9-42
	android:stateNotNeeded
		ADDED from src\main\AndroidManifest.xml:32:9-38
	android:launchMode
		ADDED from src\main\AndroidManifest.xml:30:9-40
	android:icon
		ADDED from src\main\AndroidManifest.xml:28:9-38
	android:theme
		ADDED from src\main\AndroidManifest.xml:33:9-40
	android:name
		ADDED from src\main\AndroidManifest.xml:26:9-37
intent-filter#android.intent.action.MAIN+android.intent.category.DEFAULT+android.intent.category.HOME+android.intent.category.LAUNCHER+android.intent.category.LEANBACK_LAUNCHER
ADDED from src\main\AndroidManifest.xml:34:7-40:23
	android:priority
		ADDED from src\main\AndroidManifest.xml:34:22-43
action#android.intent.action.MAIN
ADDED from src\main\AndroidManifest.xml:35:9-60
	android:name
		ADDED from src\main\AndroidManifest.xml:35:17-58
category#android.intent.category.LAUNCHER
ADDED from src\main\AndroidManifest.xml:36:9-68
	android:name
		ADDED from src\main\AndroidManifest.xml:36:19-66
category#android.intent.category.LEANBACK_LAUNCHER
ADDED from src\main\AndroidManifest.xml:37:9-77
	android:name
		ADDED from src\main\AndroidManifest.xml:37:19-75
category#android.intent.category.HOME
ADDED from src\main\AndroidManifest.xml:38:9-64
	android:name
		ADDED from src\main\AndroidManifest.xml:38:19-62
category#android.intent.category.DEFAULT
ADDED from src\main\AndroidManifest.xml:39:9-67
	android:name
		ADDED from src\main\AndroidManifest.xml:39:19-65
activity#net.maxbraun.mirror.CompactHomeActivity
ADDED from src\main\AndroidManifest.xml:43:5-59:16
	android:clearTaskOnLaunch
		ADDED from src\main\AndroidManifest.xml:45:9-41
	android:screenOrientation
		ADDED from src\main\AndroidManifest.xml:49:9-46
	android:label
		ADDED from src\main\AndroidManifest.xml:47:9-50
	android:stateNotNeeded
		ADDED from src\main\AndroidManifest.xml:50:9-38
	android:launchMode
		ADDED from src\main\AndroidManifest.xml:48:9-40
	android:icon
		ADDED from src\main\AndroidManifest.xml:46:9-38
	android:theme
		ADDED from src\main\AndroidManifest.xml:51:9-40
	android:name
		ADDED from src\main\AndroidManifest.xml:44:9-44
receiver#net.maxbraun.mirror.BootReceiver
ADDED from src\main\AndroidManifest.xml:61:5-65:16
	android:name
		ADDED from src\main\AndroidManifest.xml:61:15-43
intent-filter#android.intent.action.BOOT_COMPLETED
ADDED from src\main\AndroidManifest.xml:62:7-64:23
action#android.intent.action.BOOT_COMPLETED
ADDED from src\main\AndroidManifest.xml:63:9-70
	android:name
		ADDED from src\main\AndroidManifest.xml:63:17-68
uses-sdk
INJECTED from src\main\AndroidManifest.xml reason: use-sdk injection requested
MERGED from [com.android.support:leanback-v17:23.4.0] AndroidManifest.xml:20:5-44
MERGED from [com.android.support:recyclerview-v7:23.4.0] AndroidManifest.xml:20:5-43
MERGED from [com.android.support:support-v4:23.4.0] AndroidManifest.xml:20:5-43
	android:targetSdkVersion
		INJECTED from src\main\AndroidManifest.xml
		INJECTED from src\main\AndroidManifest.xml
	android:minSdkVersion
		INJECTED from src\main\AndroidManifest.xml
		INJECTED from src\main\AndroidManifest.xml